#
# There is insufficient memory for the Java Runtime Environment to continue.
# Native memory allocation (mmap) failed to map 197132288 bytes. Error detail: G1 virtual space
# Possible reasons:
#   The system is out of physical RAM or swap space
#   This process is running with CompressedOops enabled, and the Java Heap may be blocking the growth of the native heap
# Possible solutions:
#   Reduce memory load on the system
#   Increase physical memory or swap space
#   Check if swap backing store is full
#   Decrease Java heap size (-Xmx/-Xms)
#   Decrease number of Java threads
#   Decrease Java thread stack sizes (-Xss)
#   Set larger code cache with -XX:ReservedCodeCacheSize=
#   JVM is running with Zero Based Compressed Oops mode in which the Java heap is
#     placed in the first 32GB address space. The Java Heap base address is the
#     maximum limit for the native heap growth. Please use -XX:HeapBaseMinAddress
#     to set the Java Heap base and to place the Java Heap above 32GB virtual address.
# This output file may be truncated or incomplete.
#
#  Out of Memory Error (os_windows.cpp:3707), pid=17840, tid=31996
#
# JRE version:  (23.0.2+7) (build )
# Java VM: Java HotSpot(TM) 64-Bit Server VM (23.0.2+7-58, mixed mode, sharing, tiered, compressed oops, compressed class ptrs, g1 gc, windows-amd64)
# No core dump will be written. Minidumps are not enabled by default on client versions of Windows
#

---------------  S U M M A R Y ------------

Command Line: --module-path=C:\Users\ASUS\.gradle\caches\modules-2\files-2.1\org.openjfx\javafx-fxml\23\f8f33c215eb9c172d62e1646cb5dc351bc5d918e\javafx-fxml-23-win.jar;C:\Users\ASUS\.gradle\caches\modules-2\files-2.1\org.openjfx\javafx-controls\23\953bc543e4949437103d9d12310c4a96846fbb94\javafx-controls-23-win.jar;C:\Users\ASUS\.gradle\caches\modules-2\files-2.1\org.openjfx\javafx-graphics\23\160bad2ba0b248ecc31412ca4b6ef77510e717d1\javafx-graphics-23-win.jar;C:\Users\ASUS\.gradle\caches\modules-2\files-2.1\org.openjfx\javafx-base\23\cfefa13bc23dedcba9d720a42679b8d63adf83c9\javafx-base-23-win.jar --add-modules=javafx.controls,javafx.fxml -Dfile.encoding=UTF-8 -Duser.country=US -Duser.language=en -Duser.variant finalLab.Main

Host: Intel(R) Core(TM) i3-1005G1 CPU @ 1.20GHz, 4 cores, 11G,  Windows 11 , 64 bit Build 22621 (10.0.22621.5262)
Time: Mon Jun  9 09:43:12 2025 SE Asia Standard Time elapsed time: 0.032650 seconds (0d 0h 0m 0s)

---------------  T H R E A D  ---------------

Current thread (0x00000296454a2490):  JavaThread "Unknown thread" [_thread_in_vm, id=31996, stack(0x000000ce45600000,0x000000ce45700000) (1024K)]

Stack: [0x000000ce45600000,0x000000ce45700000]
Native frames: (J=compiled Java code, j=interpreted, Vv=VM code, C=native code)
V  [jvm.dll+0x6e0b99]  (no source info available)
V  [jvm.dll+0x87e2b3]  (no source info available)
V  [jvm.dll+0x88073e]  (no source info available)
V  [jvm.dll+0x880e13]  (no source info available)
V  [jvm.dll+0x27b006]  (no source info available)
V  [jvm.dll+0x6dd485]  (no source info available)
V  [jvm.dll+0x6d127a]  (no source info available)
V  [jvm.dll+0x35b50a]  (no source info available)
V  [jvm.dll+0x363916]  (no source info available)
V  [jvm.dll+0x34fe7e]  (no source info available)
V  [jvm.dll+0x350118]  (no source info available)
V  [jvm.dll+0x328aec]  (no source info available)
V  [jvm.dll+0x32978e]  (no source info available)
V  [jvm.dll+0x8449a5]  (no source info available)
V  [jvm.dll+0x3b9a08]  (no source info available)
V  [jvm.dll+0x82d68c]  (no source info available)
V  [jvm.dll+0x454f2e]  (no source info available)
V  [jvm.dll+0x456db1]  (no source info available)
C  [jli.dll+0x52a3]  (no source info available)
C  [ucrtbase.dll+0x29333]  (no source info available)
C  [KERNEL32.DLL+0x1259d]  (no source info available)
C  [ntdll.dll+0x5af58]  (no source info available)

Lock stack of current Java thread (top to bottom):


---------------  P R O C E S S  ---------------

Threads class SMR info:
_java_thread_list=0x00007fffb5614618, length=0, elements={
}

Java Threads: ( => current thread )
Total: 0

Other Threads:
  0x0000029647741ff0 WorkerThread "GC Thread#0"                     [id=10448, stack(0x000000ce45700000,0x000000ce45800000) (1024K)]
  0x0000029647751b40 ConcurrentGCThread "G1 Main Marker"            [id=14916, stack(0x000000ce45800000,0x000000ce45900000) (1024K)]
  0x0000029647752650 WorkerThread "G1 Conc#0"                       [id=24464, stack(0x000000ce45900000,0x000000ce45a00000) (1024K)]

[error occurred during error reporting (printing all threads), id 0xc0000005, EXCEPTION_ACCESS_VIOLATION (0xc0000005) at pc=0x00007fffb4d5c0da]
VM state: not at safepoint (not fully initialized)

VM Mutex/Monitor currently owned by a thread:  ([mutex/lock_event])
[0x00007fffb5694988] Heap_lock - owner thread: 0x00000296454a2490

Heap address: 0x0000000744000000, size: 3008 MB, Compressed Oops mode: Zero based, Oop shift amount: 3

CDS archive(s) mapped at: [0x0000000000000000-0x0000000000000000-0x0000000000000000), size 0, SharedBaseAddress: 0x0000000800000000, ArchiveRelocationMode: 1.
Narrow klass base: 0x0000000000000000, Narrow klass shift: 0, Narrow klass range: 0x0

GC Precious Log:
 CardTable entry size: 512
 Card Set container configuration: InlinePtr #cards 4 size 8 Array Of Cards #cards 16 size 48 Howl #buckets 8 coarsen threshold 3686 Howl Bitmap #cards 512 size 80 coarsen threshold 460 Card regions per heap region 1 cards per card region 4096

Heap:
 garbage-first heap   total reserved 3080192K, committed 0K, used 0K [0x0000000744000000, 0x0000000800000000)
  region size 2048K, 0 young (0K), 0 survivors (0K)

[error occurred during error reporting (printing heap information), id 0xc0000005, EXCEPTION_ACCESS_VIOLATION (0xc0000005) at pc=0x00007fffb515c6a9]
GC Heap History (0 events):
No events

Dll operation events (1 events):
Event: 0.022 Loaded shared library C:\Program Files\Java\jdk-23\bin\java.dll

Deoptimization events (0 events):
No events

Classes loaded (0 events):
No events

Classes unloaded (0 events):
No events

Classes redefined (0 events):
No events

Internal exceptions (0 events):
No events

VM Operations (0 events):
No events

Memory protections (0 events):
No events

Nmethod flushes (0 events):
No events

Events (0 events):
No events


Dynamic libraries:
0x00007ff644d70000 - 0x00007ff644d80000 	C:\Program Files\Java\jdk-23\bin\java.exe
0x00007ff85ad90000 - 0x00007ff85afa7000 	C:\WINDOWS\SYSTEM32\ntdll.dll
0x00007ff85ac50000 - 0x00007ff85ad14000 	C:\WINDOWS\System32\KERNEL32.DLL
0x00007ff858040000 - 0x00007ff858413000 	C:\WINDOWS\System32\KERNELBASE.dll
0x00007ff858900000 - 0x00007ff858a11000 	C:\WINDOWS\System32\ucrtbase.dll
0x00007ff802080000 - 0x00007ff802097000 	C:\Program Files\Java\jdk-23\bin\jli.dll
0x00007ff85a8c0000 - 0x00007ff85aa71000 	C:\WINDOWS\System32\USER32.dll
0x00007ff858830000 - 0x00007ff858856000 	C:\WINDOWS\System32\win32u.dll
0x00007ff859bd0000 - 0x00007ff859bf9000 	C:\WINDOWS\System32\GDI32.dll
0x00007ff858420000 - 0x00007ff858542000 	C:\WINDOWS\System32\gdi32full.dll
0x00007ff858860000 - 0x00007ff8588fa000 	C:\WINDOWS\System32\msvcp_win.dll
0x00007ff8458c0000 - 0x00007ff845b5b000 	C:\WINDOWS\WinSxS\amd64_microsoft.windows.common-controls_6595b64144ccf1df_6.0.22621.5262_none_2712bde373830908\COMCTL32.dll
0x00007ff85a760000 - 0x00007ff85a807000 	C:\WINDOWS\System32\msvcrt.dll
0x00007ff8026a0000 - 0x00007ff8026bb000 	C:\Program Files\Java\jdk-23\bin\VCRUNTIME140.dll
0x00007ff858b40000 - 0x00007ff858b71000 	C:\WINDOWS\System32\IMM32.DLL
0x00007ff842a60000 - 0x00007ff842a6c000 	C:\Program Files\Java\jdk-23\bin\vcruntime140_1.dll
0x00007ff801ff0000 - 0x00007ff80207e000 	C:\Program Files\Java\jdk-23\bin\msvcp140.dll
0x00007fffb4a20000 - 0x00007fffb5770000 	C:\Program Files\Java\jdk-23\bin\server\jvm.dll
0x00007ff859650000 - 0x00007ff859701000 	C:\WINDOWS\System32\ADVAPI32.dll
0x00007ff85a810000 - 0x00007ff85a8b7000 	C:\WINDOWS\System32\sechost.dll
0x00007ff858740000 - 0x00007ff858768000 	C:\WINDOWS\System32\bcrypt.dll
0x00007ff858a20000 - 0x00007ff858b34000 	C:\WINDOWS\System32\RPCRT4.dll
0x00007ff859c60000 - 0x00007ff859cd1000 	C:\WINDOWS\System32\WS2_32.dll
0x00007ff857d50000 - 0x00007ff857d9d000 	C:\WINDOWS\SYSTEM32\POWRPROF.dll
0x00007ff850c30000 - 0x00007ff850c64000 	C:\WINDOWS\SYSTEM32\WINMM.dll
0x00007ff8505c0000 - 0x00007ff8505ca000 	C:\WINDOWS\SYSTEM32\VERSION.dll
0x00007ff857d30000 - 0x00007ff857d43000 	C:\WINDOWS\SYSTEM32\UMPDC.dll
0x00007ff856ec0000 - 0x00007ff856ed8000 	C:\WINDOWS\SYSTEM32\kernel.appcore.dll
0x00007ff83c670000 - 0x00007ff83c67a000 	C:\Program Files\Java\jdk-23\bin\jimage.dll
0x00007ff855840000 - 0x00007ff855a72000 	C:\WINDOWS\SYSTEM32\DBGHELP.DLL
0x00007ff8592b0000 - 0x00007ff859643000 	C:\WINDOWS\System32\combase.dll
0x00007ff8597a0000 - 0x00007ff859877000 	C:\WINDOWS\System32\OLEAUT32.dll
0x00007ff82f7e0000 - 0x00007ff82f812000 	C:\WINDOWS\SYSTEM32\dbgcore.DLL
0x00007ff8586c0000 - 0x00007ff85873b000 	C:\WINDOWS\System32\bcryptPrimitives.dll
0x00007ff801fd0000 - 0x00007ff801fee000 	C:\Program Files\Java\jdk-23\bin\java.dll
0x00007ff858c10000 - 0x00007ff858db1000 	C:\WINDOWS\System32\ole32.dll
0x00007ff859d30000 - 0x00007ff85a5cd000 	C:\WINDOWS\System32\SHELL32.dll
0x00007ff857f00000 - 0x00007ff85803f000 	C:\WINDOWS\System32\wintypes.dll

dbghelp: loaded successfully - version: 4.0.5 - missing functions: none
symbol engine: initialized successfully - sym options: 0x614 - pdb path: .;C:\Program Files\Java\jdk-23\bin;C:\WINDOWS\SYSTEM32;C:\WINDOWS\WinSxS\amd64_microsoft.windows.common-controls_6595b64144ccf1df_6.0.22621.5262_none_2712bde373830908;C:\Program Files\Java\jdk-23\bin\server

VM Arguments:
jvm_args: --module-path=C:\Users\ASUS\.gradle\caches\modules-2\files-2.1\org.openjfx\javafx-fxml\23\f8f33c215eb9c172d62e1646cb5dc351bc5d918e\javafx-fxml-23-win.jar;C:\Users\ASUS\.gradle\caches\modules-2\files-2.1\org.openjfx\javafx-controls\23\953bc543e4949437103d9d12310c4a96846fbb94\javafx-controls-23-win.jar;C:\Users\ASUS\.gradle\caches\modules-2\files-2.1\org.openjfx\javafx-graphics\23\160bad2ba0b248ecc31412ca4b6ef77510e717d1\javafx-graphics-23-win.jar;C:\Users\ASUS\.gradle\caches\modules-2\files-2.1\org.openjfx\javafx-base\23\cfefa13bc23dedcba9d720a42679b8d63adf83c9\javafx-base-23-win.jar --add-modules=javafx.controls,javafx.fxml -Dfile.encoding=UTF-8 -Duser.country=US -Duser.language=en -Duser.variant 
java_command: finalLab.Main
java_class_path (initial): C:\Users\ASUS\Desktop\TIKET\TIKET2\app\build\classes\java\main;C:\Users\ASUS\Desktop\TIKET\TIKET2\app\build\resources\main;C:\Users\ASUS\.gradle\caches\modules-2\files-2.1\com.google.guava\guava\33.0.0-jre\161ba27964a62f241533807a46b8711b13c1d94b\guava-33.0.0-jre.jar;C:\Users\ASUS\.gradle\caches\modules-2\files-2.1\com.google.guava\failureaccess\1.0.2\c4a06a64e650562f30b7bf9aaec1bfed43aca12b\failureaccess-1.0.2.jar;C:\Users\ASUS\.gradle\caches\modules-2\files-2.1\com.google.guava\listenablefuture\9999.0-empty-to-avoid-conflict-with-guava\b421526c5f297295adef1c886e5246c39d4ac629\listenablefuture-9999.0-empty-to-avoid-conflict-with-guava.jar;C:\Users\ASUS\.gradle\caches\modules-2\files-2.1\com.google.code.findbugs\jsr305\3.0.2\25ea2e8b0c338a877313bd4672d3fe056ea78f0d\jsr305-3.0.2.jar;C:\Users\ASUS\.gradle\caches\modules-2\files-2.1\org.checkerframework\checker-qual\3.41.0\8be6df7f1e9bccb19f8f351b3651f0bac2f5e0c\checker-qual-3.41.0.jar;C:\Users\ASUS\.gradle\caches\modules-2\files-2.1\com.google.errorprone\error_prone_annotations\2.23.0\43a27853b6c7d54893e0b1997c2c778c347179eb\error_prone_annotations-2.23.0.jar
Launcher Type: SUN_STANDARD

[Global flags]
     intx CICompilerCount                          = 3                                         {product} {ergonomic}
     uint ConcGCThreads                            = 1                                         {product} {ergonomic}
     uint G1ConcRefinementThreads                  = 4                                         {product} {ergonomic}
   size_t G1HeapRegionSize                         = 2097152                                   {product} {ergonomic}
   size_t InitialHeapSize                          = 197132288                                 {product} {ergonomic}
   size_t MarkStackSize                            = 4194304                                   {product} {ergonomic}
   size_t MarkStackSizeMax                         = 536870912                                 {product} {ergonomic}
   size_t MaxHeapSize                              = 3154116608                                {product} {ergonomic}
   size_t MinHeapDeltaBytes                        = 2097152                                   {product} {ergonomic}
   size_t MinHeapSize                              = 8388608                                   {product} {ergonomic}
    uintx NonNMethodCodeHeapSize                   = 5832704                                {pd product} {ergonomic}
    uintx NonProfiledCodeHeapSize                  = 122945536                              {pd product} {ergonomic}
    uintx ProfiledCodeHeapSize                     = 122880000                              {pd product} {ergonomic}
    uintx ReservedCodeCacheSize                    = 251658240                              {pd product} {ergonomic}
     bool SegmentedCodeCache                       = true                                      {product} {ergonomic}
   size_t SoftMaxHeapSize                          = 3154116608                             {manageable} {ergonomic}
     bool UseCompressedOops                        = true                           {product lp64_product} {ergonomic}
     bool UseG1GC                                  = true                                      {product} {ergonomic}
     bool UseLargePagesIndividualAllocation        = false                                  {pd product} {ergonomic}

Logging:
Log output configuration:
 #0: stdout all=warning uptime,level,tags foldmultilines=false
 #1: stderr all=off uptime,level,tags foldmultilines=false

Environment Variables:
CLASSPATH=C:\Users\ASUS\Desktop\TIKET\TIKET2\\gradle\wrapper\gradle-wrapper.jar
PATH=C:\Program Files\Common Files\Oracle\Java\javapath;C:\Program Files\Python312\Scripts\;C:\Program Files\Python312\;C:\WINDOWS\system32;C:\WINDOWS;C:\WINDOWS\System32\Wbem;C:\WINDOWS\System32\WindowsPowerShell\v1.0\;C:\WINDOWS\System32\OpenSSH\;C:\Program Files\Git\cmd;C:\Program Files\Java\jdk-23\bin;C:\MinGW\bin;C:\Program Files\Python312\Scripts\;C:\Users\ASUS\AppData\Local\Microsoft\WindowsApps;C:\Users\ASUS\AppData\Local\Programs\Microsoft VS Code\bin;C:\Users\ASUS\AppData\Local\GitHubDesktop\bin;C:\ProgramData\ASUS\GitHubDesktop\bin;C:\Users\ASUS\AppData\Roaming\Python\Python312\Scripts;
USERNAME=ASUS
LANG=en_US.UTF-8
OS=Windows_NT
PROCESSOR_IDENTIFIER=Intel64 Family 6 Model 126 Stepping 5, GenuineIntel
TMP=C:\Users\ASUS\AppData\Local\Temp
TEMP=C:\Users\ASUS\AppData\Local\Temp




Periodic native trim disabled

---------------  S Y S T E M  ---------------

OS:
 Windows 11 , 64 bit Build 22621 (10.0.22621.5262)
OS uptime: 23 days 11:06 hours

CPU: total 4 (initial active 4) (2 cores per cpu, 2 threads per core) family 6 model 126 stepping 5 microcode 0xa6, cx8, cmov, fxsr, ht, mmx, 3dnowpref, sse, sse2, sse3, ssse3, sse4.1, sse4.2, popcnt, lzcnt, tsc, tscinvbit, avx, avx2, aes, erms, clmul, bmi1, bmi2, adx, avx512f, avx512dq, avx512cd, avx512bw, avx512vl, sha, fma, vzeroupper, avx512_vpopcntdq, avx512_vpclmulqdq, avx512_vaes, avx512_vnni, clflush, clflushopt, avx512_vbmi2, avx512_vbmi, rdtscp, rdpid, fsrm, gfni, avx512_bitalg, f16c, pku, avx512_ifma
Processor Information for the first 4 processors :
  Max Mhz: 1201, Current Mhz: 1201, Mhz Limit: 1201

Memory: 4k page, system-wide physical 12028M (520M free)
TotalPageFile size 27153M (AvailPageFile size 102M)
current process WorkingSet (physical memory assigned to process): 12M, peak: 12M
current process commit charge ("private bytes"): 52M, peak: 240M

vm_info: Java HotSpot(TM) 64-Bit Server VM (23.0.2+7-58) for windows-amd64 JRE (23.0.2+7-58), built on 2024-11-29T09:34:55Z with MS VC++ 17.6 (VS2022)

END.
